<?xml version="1.0" encoding="UTF-8"?>
<!-- Generated by org.testng.reporters.JUnitReportReporter -->
<testsuite hostname="Chhaya" failures="0" tests="1" name="com.inetBanking.testCases.TC_LoginTest_001" time="9.369" errors="0" timestamp="2022-04-28T17:01:42 IST" skipped="0">
  <testcase classname="com.inetBanking.testCases.TC_LoginTest_001" name="LoginTest" time="9.369"/>
  <system-out/>
</testsuite> <!-- com.inetBanking.testCases.TC_LoginTest_001 -->
